<?xml version="1.0" encoding="UTF-8"?>
<!-- Generated by org.testng.reporters.JUnitReportReporter -->
<testsuite hostname="DESKTOP-7MFQJAK" failures="0" tests="1" name="Atcual.vtigerTC.Createneworganizations" time="52.813" errors="0" timestamp="2024-04-24T20:52:06 IST" skipped="0">
  <testcase classname="Atcual.vtigerTC.Createneworganizations" name="creatorg" time="52.813"/>
  <system-out/>
</testsuite> <!-- Atcual.vtigerTC.Createneworganizations -->
