<?xml version="1.0" encoding="UTF-8"?>
<!-- Generated by org.testng.reporters.JUnitReportReporter -->
<testsuite hostname="DESKTOP-7MFQJAK" failures="0" tests="1" name="Atcual.vtigerTC.Createcontact" time="10.267" errors="0" timestamp="2024-04-25T13:11:17 IST" skipped="0">
  <testcase classname="Atcual.vtigerTC.Createcontact" name="createcont" time="10.267"/>
  <system-out/>
</testsuite> <!-- Atcual.vtigerTC.Createcontact -->
