<?xml version="1.0" encoding="UTF-8"?>
<!-- Generated by org.testng.reporters.JUnitReportReporter -->
<testsuite hostname="DESKTOP-7MFQJAK" failures="0" tests="1" name="Actual.contacts.Createneworganizations" time="17.003" errors="0" timestamp="2024-04-24T19:48:19 IST" skipped="0">
  <testcase classname="Actual.contacts.Createneworganizations" name="creatorg" time="17.003"/>
  <system-out/>
</testsuite> <!-- Actual.contacts.Createneworganizations -->
